
############################################################
Sequence 12/169
============================================================
Sequence: HAV
============================================================
[QAOA]
Starting QAOA on a Quantum Simulator...

  - Sequence  : HAV
  - Qubits    : 10
  - Bitstring : 0101000010
  - mRNA      : CAUGCCGUG
  - Energy    : 28.2690
  - Time      : 26.43s

[BRUTE]
Starting Brute Force optimization...

  - Sequence  : HAV
  - Qubits    : 5
  - Bitstring : 10110
  - mRNA      : CAUGCCGUG
  - Energy    : 28.2690
  - Time      : 0.01s

============================================================
SUMMARY
Solver     mRNA                            Energy        Gap     Time
----------------------------------------------------------------------
QAOA       CAUGCCGUG                      28.2690          ✓  26.43s
BRUTE      CAUGCCGUG                      28.2690          ✓   0.01s
============================================================

############################################################
Sequence 13/169
============================================================
Sequence: PNG
============================================================
[QAOA]
Starting QAOA on a Quantum Simulator...

  - Sequence  : PNG
  - Qubits    : 10
  - Bitstring : 0010100001
  - mRNA      : CCGAACGGU
  - Energy    : 23.1174
  - Time      : 28.40s

[BRUTE]
Starting Brute Force optimization...

  - Sequence  : PNG
  - Qubits    : 5
  - Bitstring : 10011
  - mRNA      : CCGAACGGU
  - Energy    : 23.1174
  - Time      : 0.01s

============================================================
SUMMARY
Solver     mRNA                            Energy        Gap     Time
----------------------------------------------------------------------
QAOA       CCGAACGGU                      23.1174          ✓  28.40s
BRUTE      CCGAACGGU                      23.1174          ✓   0.01s
============================================================

############################################################
Sequence 14/169
============================================================
Sequence: TLV
============================================================
[QAOA]
Starting QAOA on a Quantum Simulator...

  - Sequence  : TLV
  - Qubits    : 14
  - Bitstring : 00100000100010
  - mRNA      : ACGUUAGUG
  - Energy    : 39.5181
  - Time      : 849.46s

[BRUTE]
Starting Brute Force optimization...

  - Sequence  : TLV
  - Qubits    : 7
  - Bitstring : 0110010
  - mRNA      : ACCUUAGUG
  - Energy    : 35.0226
  - Time      : 0.04s

============================================================
SUMMARY
Solver     mRNA                            Energy        Gap     Time
----------------------------------------------------------------------
QAOA       ACGUUAGUG                      39.5181      +4.50 849.46s
BRUTE      ACCUUAGUG                      35.0226          ✓   0.04s
============================================================

############################################################
Sequence 15/169
============================================================
Sequence: KTI
============================================================
[QAOA]
Starting QAOA on a Quantum Simulator...

  - Sequence  : KTI
  - Qubits    : 9
  - Bitstring : 010100001
  - mRNA      : AAGACCAUU
  - Energy    : 28.7550
  - Time      : 15.62s

[BRUTE]
Starting Brute Force optimization...

  - Sequence  : KTI
  - Qubits    : 5
  - Bitstring : 10110
  - mRNA      : AAGACCAUU
  - Energy    : 28.7550
  - Time      : 0.02s

============================================================
SUMMARY
Solver     mRNA                            Energy        Gap     Time
----------------------------------------------------------------------
QAOA       AAGACCAUU                      28.7550          ✓  15.62s
BRUTE      AAGACCAUU                      28.7550          ✓   0.02s
============================================================

############################################################
Sequence 16/169
============================================================
Sequence: TDD
============================================================
[QAOA]
Starting QAOA on a Quantum Simulator...

  - Sequence  : TDD
  - Qubits    : 8
  - Bitstring : 01000101
  - mRNA      : ACCGAUGAU
  - Energy    : 15.8742
  - Time      : 8.77s

[BRUTE]
Starting Brute Force optimization...

  - Sequence  : TDD
  - Qubits    : 4
  - Bitstring : 0111
  - mRNA      : ACCGAUGAU
  - Energy    : 15.8742
  - Time      : 0.01s

============================================================
SUMMARY
Solver     mRNA                            Energy        Gap     Time
----------------------------------------------------------------------
QAOA       ACCGAUGAU                      15.8742          ✓   8.77s
BRUTE      ACCGAUGAU                      15.8742          ✓   0.01s
============================================================

############################################################
Sequence 17/169
============================================================
Sequence: QIE
============================================================
[QAOA]
Starting QAOA on a Quantum Simulator...

  - Sequence  : QIE
  - Qubits    : 7
  - Bitstring : 0100110
  - mRNA      : CAGAUUGAA
  - Energy    : 15.0984
  - Time      : 6.24s

[BRUTE]
Starting Brute Force optimization...

  - Sequence  : QIE
  - Qubits    : 4
  - Bitstring : 1100
  - mRNA      : CAGAUUGAA
  - Energy    : 15.0984
  - Time      : 0.01s

============================================================
SUMMARY
Solver     mRNA                            Energy        Gap     Time
----------------------------------------------------------------------
QAOA       CAGAUUGAA                      15.0984          ✓   6.24s
BRUTE      CAGAUUGAA                      15.0984          ✓   0.01s
============================================================

############################################################
Sequence 18/169
============================================================
Sequence: VTN
============================================================
[QAOA]
Starting QAOA on a Quantum Simulator...

  - Sequence  : VTN
  - Qubits    : 10
  - Bitstring : 0010010010
  - mRNA      : GUGACCAAC
  - Energy    : 22.3137
  - Time      : 28.30s

[BRUTE]
Starting Brute Force optimization...

  - Sequence  : VTN
  - Qubits    : 5
  - Bitstring : 10010
  - mRNA      : GUGACCAAC
  - Energy    : 22.3137
  - Time      : 0.01s

============================================================
SUMMARY
Solver     mRNA                            Energy        Gap     Time
----------------------------------------------------------------------
QAOA       GUGACCAAC                      22.3137          ✓  28.30s
BRUTE      GUGACCAAC                      22.3137          ✓   0.01s
============================================================

############################################################
Sequence 19/169
============================================================
Sequence: ATE
============================================================
[QAOA]
Starting QAOA on a Quantum Simulator...

  - Sequence  : ATE
  - Qubits    : 10
  - Bitstring : 0010010010
  - mRNA      : GCGACCGAA
  - Energy    : 22.1454
  - Time      : 30.34s

[BRUTE]
Starting Brute Force optimization...

  - Sequence  : ATE
  - Qubits    : 5
  - Bitstring : 10010
  - mRNA      : GCGACCGAA
  - Energy    : 22.1454
  - Time      : 0.01s

============================================================
SUMMARY
Solver     mRNA                            Energy        Gap     Time
----------------------------------------------------------------------
QAOA       GCGACCGAA                      22.1454          ✓  30.34s
BRUTE      GCGACCGAA                      22.1454          ✓   0.01s
============================================================

############################################################
Sequence 20/169
============================================================
Sequence: LVQ
============================================================
[QAOA]
Starting QAOA on a Quantum Simulator...

  - Sequence  : LVQ
  - Qubits    : 12
  - Bitstring : 000010001001
  - mRNA      : UUAGUGCAG
  - Energy    : 31.2561
  - Time      : 152.68s

[BRUTE]
Starting Brute Force optimization...

  - Sequence  : LVQ
  - Qubits    : 6
  - Bitstring : 100101
  - mRNA      : UUAGUGCAG
  - Energy    : 31.2561
  - Time      : 0.03s

============================================================
SUMMARY
Solver     mRNA                            Energy        Gap     Time
----------------------------------------------------------------------
QAOA       UUAGUGCAG                      31.2561          ✓ 152.68s
BRUTE      UUAGUGCAG                      31.2561          ✓   0.03s
============================================================

############################################################
Sequence 21/169
============================================================
Sequence: SSS
============================================================
[QAOA]
Starting QAOA on a Quantum Simulator...

  - Sequence  : SSS
  - Qubits    : 18
  - Bitstring : 100000100000100000
  - mRNA      : AGCAGCAGC
  - Energy    : 37.0899
  - Time      : 26132.26s

[BRUTE]
Starting Brute Force optimization...

  - Sequence  : SSS
  - Qubits    : 9
  - Bitstring : 000000000
  - mRNA      : AGCAGCAGC
  - Energy    : 37.0899
  - Time      : 0.05s

============================================================
SUMMARY
Solver     mRNA                            Energy        Gap     Time
----------------------------------------------------------------------
QAOA       AGCAGCAGC                      37.0899          ✓ 26132.26s
BRUTE      AGCAGCAGC                      37.0899          ✓   0.05s
============================================================

############################################################
Sequence 22/169
============================================================
Sequence: TGK
============================================================
[QAOA]
Starting QAOA on a Quantum Simulator...

  - Sequence  : TGK
  - Qubits    : 10
  - Bitstring : 0100010010
  - mRNA      : ACCGGCAAA
  - Energy    : 18.1827
  - Time      : 27.61s

[BRUTE]
Starting Brute Force optimization...

  - Sequence  : TGK
  - Qubits    : 5
  - Bitstring : 01010
  - mRNA      : ACCGGCAAA
  - Energy    : 18.1827
  - Time      : 0.01s

============================================================
SUMMARY
Solver     mRNA                            Energy        Gap     Time
----------------------------------------------------------------------
QAOA       ACCGGCAAA                      18.1827          ✓  27.61s
BRUTE      ACCGGCAAA                      18.1827          ✓   0.01s
============================================================

############################################################
Sequence 23/169
============================================================
Sequence: ICN
============================================================
[QAOA]
Starting QAOA on a Quantum Simulator...

  - Sequence  : ICN
  - Qubits    : 7
  - Bitstring : 0101010
  - mRNA      : AUCUGCAAC
  - Energy    : 18.8145
  - Time      : 4.47s

[BRUTE]
Starting Brute Force optimization...

  - Sequence  : ICN
  - Qubits    : 4
  - Bitstring : 0100
  - mRNA      : AUCUGCAAC
  - Energy    : 18.8145
  - Time      : 0.00s

============================================================
SUMMARY
Solver     mRNA                            Energy        Gap     Time
----------------------------------------------------------------------
QAOA       AUCUGCAAC                      18.8145          ✓   4.47s
BRUTE      AUCUGCAAC                      18.8145          ✓   0.00s
============================================================

############################################################
Sequence 24/169
============================================================
Sequence: NPH
============================================================
[QAOA]
Starting QAOA on a Quantum Simulator...

  - Sequence  : NPH
  - Qubits    : 8
  - Bitstring : 01001001
  - mRNA      : AAUCCGCAU
  - Energy    : 18.3528
  - Time      : 4.93s

[BRUTE]
Starting Brute Force optimization...

  - Sequence  : NPH
  - Qubits    : 4
  - Bitstring : 1101
  - mRNA      : AAUCCGCAU
  - Energy    : 18.3528
  - Time      : 0.01s

============================================================
SUMMARY
Solver     mRNA                            Energy        Gap     Time
----------------------------------------------------------------------
QAOA       AAUCCGCAU                      18.3528          ✓   4.93s
BRUTE      AAUCCGCAU                      18.3528          ✓   0.01s
============================================================

############################################################
Sequence 25/169
============================================================
Sequence: RIL
============================================================
[QAOA]
Starting QAOA on a Quantum Simulator...

  - Sequence  : RIL
  - Qubits    : 15
  - Bitstring : 000100001001000
  - mRNA      : CGCAUUCUG
  - Energy    : 21.0987
  - Time      : 15121.34s

[BRUTE]
Starting Brute Force optimization...

  - Sequence  : RIL
  - Qubits    : 8
  - Bitstring : 01110010
  - mRNA      : CGCAUUCUG
  - Energy    : 21.0987
  - Time      : 0.02s

============================================================
SUMMARY
Solver     mRNA                            Energy        Gap     Time
----------------------------------------------------------------------
QAOA       CGCAUUCUG                      21.0987          ✓ 15121.34s
BRUTE      CGCAUUCUG                      21.0987          ✓   0.02s
============================================================

############################################################
Sequence 26/169
============================================================
Sequence: DGI
============================================================
[QAOA]
Starting QAOA on a Quantum Simulator...

  - Sequence  : DGI
  - Qubits    : 9
  - Bitstring : 010100001
  - mRNA      : GAUGGCAUU
  - Energy    : 18.5958
  - Time      : 10.43s

[BRUTE]
Starting Brute Force optimization...

  - Sequence  : DGI
  - Qubits    : 5
  - Bitstring : 10110
  - mRNA      : GAUGGCAUU
  - Energy    : 18.5958
  - Time      : 0.00s

============================================================
SUMMARY
Solver     mRNA                            Energy        Gap     Time
----------------------------------------------------------------------
QAOA       GAUGGCAUU                      18.5958          ✓  10.43s
BRUTE      GAUGGCAUU                      18.5958          ✓   0.00s
============================================================

############################################################
Sequence 27/169
============================================================
Sequence: DCT
============================================================
[QAOA]
Starting QAOA on a Quantum Simulator...

  - Sequence  : DCT
  - Qubits    : 8
  - Bitstring : 10100100
  - mRNA      : GACUGCACC
  - Energy    : 23.9436
  - Time      : 4.21s

[BRUTE]
Starting Brute Force optimization...

  - Sequence  : DCT
  - Qubits    : 4
  - Bitstring : 0001
  - mRNA      : GACUGCACC
  - Energy    : 23.9436
  - Time      : 0.00s

============================================================
SUMMARY
Solver     mRNA                            Energy        Gap     Time
----------------------------------------------------------------------
QAOA       GACUGCACC                      23.9436          ✓   4.21s
BRUTE      GACUGCACC                      23.9436          ✓   0.00s
============================================================

############################################################
Sequence 28/169
============================================================
Sequence: LID
============================================================
[QAOA]
Starting QAOA on a Quantum Simulator...

  - Sequence  : LID
  - Qubits    : 11
  - Bitstring : 00100000101
  - mRNA      : CUGAUUGAU
  - Energy    : 18.5247
  - Time      : 41.17s

[BRUTE]
Starting Brute Force optimization...

  - Sequence  : LID
  - Qubits    : 6